Base path: D:/Program Files/Unity5.2.5/Editor/Data
Pipe name: \\.\pipe\UnityShaderCompiler-64bit-1-8020
Cmd: getPlatforms
Cmd: preprocess
  insize=1325 outsize=1103 ok=1
Cmd: compileSnippet
  api=4 type=0 insize=7588 outsize=3663 kw=DIRECTIONAL SHADOWS_OFF LIGHTMAP_OFF DIRLIGHTMAP_OFF DYNAMICLIGHTMAP_OFF pd= ok=1
Cmd: compileSnippet
  api=4 type=1 insize=7588 outsize=2200 kw=DIRECTIONAL SHADOWS_OFF LIGHTMAP_OFF DIRLIGHTMAP_OFF DYNAMICLIGHTMAP_OFF pd= ok=1
Cmd: compileSnippet
  api=4 type=0 insize=4362 outsize=2753 kw=POINT pd= ok=1
Cmd: compileSnippet
  api=4 type=1 insize=4362 outsize=2054 kw=POINT pd= ok=1
Cmd: compileSnippet
  api=4 type=0 insize=4205 outsize=3435 kw= pd= ok=1
Cmd: compileSnippet
  api=4 type=1 insize=4205 outsize=2549 kw= pd= ok=1
Cmd: preprocess
  insize=2317 outsize=849 ok=1
Cmd: compileSnippet
  api=4 type=0 insize=1770 outsize=1713 kw= pd= ok=1
Cmd: compileSnippet
  api=4 type=1 insize=1770 outsize=1306 kw= pd= ok=1
Cmd: preprocess
  insize=1571 outsize=492 ok=1
Cmd: compileSnippet
  api=4 type=0 insize=1381 outsize=1404 kw= pd= ok=1
Cmd: compileSnippet
  api=4 type=1 insize=1381 outsize=1753 kw= pd= ok=1
Cmd: preprocess
  insize=2886 outsize=889 ok=1
Cmd: compileSnippet
  api=4 type=0 insize=2301 outsize=2281 kw= pd= ok=1
Cmd: compileSnippet
  api=4 type=1 insize=2301 outsize=1908 kw= pd= ok=1
Cmd: preprocess
  insize=2330 outsize=478 ok=1
Cmd: compileSnippet
  api=4 type=0 insize=2154 outsize=2094 kw= pd= ok=1
Cmd: compileSnippet
  api=4 type=1 insize=2154 outsize=1648 kw= pd= ok=1
Cmd: preprocess
  insize=1986 outsize=887 ok=1
Cmd: compileSnippet
  api=4 type=0 insize=1401 outsize=1591 kw= pd= ok=1
Cmd: compileSnippet
  api=4 type=1 insize=1401 outsize=1444 kw= pd= ok=1
Cmd: preprocess
  insize=1964 outsize=478 ok=1
Cmd: compileSnippet
  api=4 type=0 insize=1788 outsize=1713 kw= pd= ok=1
Cmd: compileSnippet
  api=4 type=1 insize=1788 outsize=1306 kw= pd= ok=1
Cmd: preprocess
  insize=2450 outsize=535 ok=1
Cmd: compileSnippet
  api=4 type=0 insize=2219 outsize=2094 kw= pd= ok=1
Cmd: compileSnippet
  api=4 type=1 insize=2219 outsize=1607 kw= pd= ok=1
Cmd: preprocess
  insize=668 outsize=1000 ok=1
Cmd: compileSnippet
  api=4 type=0 insize=6861 outsize=3663 kw=DIRECTIONAL SHADOWS_OFF LIGHTMAP_OFF DIRLIGHTMAP_OFF DYNAMICLIGHTMAP_OFF pd= ok=1
Cmd: compileSnippet
  api=4 type=1 insize=6861 outsize=1095 kw=DIRECTIONAL SHADOWS_OFF LIGHTMAP_OFF DIRLIGHTMAP_OFF DYNAMICLIGHTMAP_OFF pd= ok=1
Cmd: compileSnippet
  api=4 type=0 insize=3636 outsize=2753 kw=POINT pd= ok=1
Cmd: compileSnippet
  api=4 type=1 insize=3636 outsize=949 kw=POINT pd= ok=1
Cmd: compileSnippet
  api=4 type=0 insize=3018 outsize=2103 kw= pd= ok=1
Cmd: compileSnippet
  api=4 type=1 insize=3018 outsize=1347 kw= pd= ok=1
Cmd: preprocess
  insize=2083 outsize=533 ok=1
Cmd: compileSnippet
  api=4 type=0 insize=1852 outsize=1713 kw= pd= ok=1
Cmd: compileSnippet
  api=4 type=1 insize=1852 outsize=1266 kw= pd= ok=1
Cmd: preprocess
  insize=1404 outsize=609 ok=1
Cmd: compileSnippet
  api=4 type=0 insize=1097 outsize=1526 kw= pd= ok=1
Cmd: compileSnippet
  api=4 type=1 insize=1097 outsize=1071 kw= pd= ok=1
Cmd: preprocess
  insize=1452 outsize=830 ok=1
Cmd: compileSnippet
  api=4 type=0 insize=924 outsize=1209 kw= pd= ok=1
Cmd: compileSnippet
  api=4 type=1 insize=924 outsize=811 kw= pd= ok=1
Cmd: preprocess
  insize=1503 outsize=625 ok=1
Cmd: compileSnippet
  api=4 type=0 insize=1179 outsize=1526 kw= pd= ok=1
Cmd: compileSnippet
  api=4 type=1 insize=1179 outsize=1030 kw= pd= ok=1
Cmd: preprocess
  insize=2684 outsize=849 ok=1
Cmd: compileSnippet
  api=4 type=0 insize=2137 outsize=2094 kw= pd= ok=1
Cmd: compileSnippet
  api=4 type=1 insize=2137 outsize=1648 kw= pd= ok=1
Cmd: preprocess
  insize=1636 outsize=878 ok=1
Cmd: compileSnippet
  api=4 type=0 insize=1060 outsize=1396 kw= pd= ok=1
Cmd: compileSnippet
  api=4 type=1 insize=1060 outsize=1071 kw= pd= ok=1
Cmd: preprocess
  insize=1560 outsize=533 ok=1
Cmd: compileSnippet
  api=4 type=0 insize=1329 outsize=1404 kw= pd= ok=1
Cmd: compileSnippet
  api=4 type=1 insize=1329 outsize=1144 kw= pd= ok=1
Cmd: preprocess
  insize=600 outsize=945 ok=1
Cmd: compileSnippet
  api=4 type=0 insize=6843 outsize=3663 kw=DIRECTIONAL SHADOWS_OFF LIGHTMAP_OFF DIRLIGHTMAP_OFF DYNAMICLIGHTMAP_OFF pd= ok=1
Cmd: compileSnippet
  api=4 type=1 insize=6843 outsize=998 kw=DIRECTIONAL SHADOWS_OFF LIGHTMAP_OFF DIRLIGHTMAP_OFF DYNAMICLIGHTMAP_OFF pd= ok=1
Cmd: compileSnippet
  api=4 type=0 insize=3618 outsize=2753 kw=POINT pd= ok=1
Cmd: compileSnippet
  api=4 type=1 insize=3618 outsize=851 kw=POINT pd= ok=1
Cmd: compileSnippet
  api=4 type=0 insize=3004 outsize=2103 kw= pd= ok=1
Cmd: compileSnippet
  api=4 type=1 insize=3004 outsize=1282 kw= pd= ok=1
Cmd: preprocess
  insize=1428 outsize=478 ok=1
Cmd: compileSnippet
  api=4 type=0 insize=1252 outsize=1404 kw= pd= ok=1
Cmd: compileSnippet
  api=4 type=1 insize=1252 outsize=1184 kw= pd= ok=1
Cmd: preprocess
  insize=1108 outsize=995 ok=1
Cmd: compileSnippet
  api=4 type=0 insize=7479 outsize=3663 kw=DIRECTIONAL SHADOWS_OFF LIGHTMAP_OFF DIRLIGHTMAP_OFF DYNAMICLIGHTMAP_OFF pd= ok=1
Cmd: compileSnippet
  api=4 type=1 insize=7479 outsize=2013 kw=DIRECTIONAL SHADOWS_OFF LIGHTMAP_OFF DIRLIGHTMAP_OFF DYNAMICLIGHTMAP_OFF pd= ok=1
Cmd: compileSnippet
  api=4 type=0 insize=4253 outsize=2753 kw=POINT pd= ok=1
Cmd: compileSnippet
  api=4 type=1 insize=4253 outsize=1867 kw=POINT pd= ok=1
Cmd: compileSnippet
  api=4 type=0 insize=4096 outsize=3435 kw= pd= ok=1
Cmd: compileSnippet
  api=4 type=1 insize=4096 outsize=2395 kw= pd= ok=1
Cmd: preprocess
  insize=2519 outsize=887 ok=1
Cmd: compileSnippet
  api=4 type=0 insize=1934 outsize=1899 kw= pd= ok=1
Cmd: compileSnippet
  api=4 type=1 insize=1934 outsize=1566 kw= pd= ok=1
Cmd: preprocess
  insize=1784 outsize=847 ok=1
Cmd: compileSnippet
  api=4 type=0 insize=1237 outsize=1404 kw= pd= ok=1
Cmd: compileSnippet
  api=4 type=1 insize=1237 outsize=1184 kw= pd= ok=1
Cmd: preprocess
  insize=2474 outsize=494 ok=1
Cmd: compileSnippet
  api=4 type=0 insize=2284 outsize=2094 kw= pd= ok=1
Cmd: compileSnippet
  api=4 type=1 insize=2284 outsize=2273 kw= pd= ok=1
Cmd: preprocess
  insize=1420 outsize=1098 ok=1
Cmd: compileSnippet
  api=4 type=0 insize=7687 outsize=3663 kw=DIRECTIONAL SHADOWS_OFF LIGHTMAP_OFF DIRLIGHTMAP_OFF DYNAMICLIGHTMAP_OFF pd= ok=1
Cmd: compileSnippet
  api=4 type=1 insize=7687 outsize=2257 kw=DIRECTIONAL SHADOWS_OFF LIGHTMAP_OFF DIRLIGHTMAP_OFF DYNAMICLIGHTMAP_OFF pd= ok=1
Cmd: compileSnippet
  api=4 type=0 insize=4461 outsize=2753 kw=POINT pd= ok=1
Cmd: compileSnippet
  api=4 type=1 insize=4461 outsize=2111 kw=POINT pd= ok=1
Cmd: compileSnippet
  api=4 type=0 insize=4304 outsize=3435 kw= pd= ok=1
Cmd: compileSnippet
  api=4 type=1 insize=4304 outsize=2606 kw= pd= ok=1
Cmd: preprocess
  insize=1465 outsize=506 ok=1
Cmd: compileSnippet
  api=4 type=0 insize=1260 outsize=1404 kw= pd= ok=1
Cmd: compileSnippet
  api=4 type=1 insize=1260 outsize=1761 kw= pd= ok=1
Cmd: preprocess
  insize=1414 outsize=840 ok=1
Cmd: compileSnippet
  api=4 type=0 insize=876 outsize=1209 kw= pd= ok=1
Cmd: compileSnippet
  api=4 type=1 insize=876 outsize=770 kw= pd= ok=1
Cmd: preprocess
  insize=1464 outsize=884 ok=1
Cmd: compileSnippet
  api=4 type=0 insize=882 outsize=1209 kw= pd= ok=1
Cmd: compileSnippet
  api=4 type=1 insize=882 outsize=770 kw= pd= ok=1
Cmd: preprocess
  insize=1287 outsize=490 ok=1
Cmd: compileSnippet
  api=4 type=0 insize=1099 outsize=1526 kw= pd= ok=1
Cmd: compileSnippet
  api=4 type=1 insize=1099 outsize=1071 kw= pd= ok=1
Cmd: preprocess
  insize=1448 outsize=1101 ok=1
Cmd: compileSnippet
  api=4 type=0 insize=7713 outsize=3663 kw=DIRECTIONAL SHADOWS_OFF LIGHTMAP_OFF DIRLIGHTMAP_OFF DYNAMICLIGHTMAP_OFF pd= ok=1
Cmd: compileSnippet
  api=4 type=1 insize=7713 outsize=2338 kw=DIRECTIONAL SHADOWS_OFF LIGHTMAP_OFF DIRLIGHTMAP_OFF DYNAMICLIGHTMAP_OFF pd= ok=1
Cmd: compileSnippet
  api=4 type=0 insize=4487 outsize=2753 kw=POINT pd= ok=1
Cmd: compileSnippet
  api=4 type=1 insize=4487 outsize=2192 kw=POINT pd= ok=1
Cmd: compileSnippet
  api=4 type=0 insize=4330 outsize=3435 kw= pd= ok=1
Cmd: compileSnippet
  api=4 type=1 insize=4330 outsize=2688 kw= pd= ok=1
Cmd: preprocess
  insize=1232 outsize=482 ok=1
Cmd: compileSnippet
  api=4 type=0 insize=1051 outsize=1209 kw= pd= ok=1
Cmd: compileSnippet
  api=4 type=1 insize=1051 outsize=1379 kw= pd= ok=1
Cmd: preprocess
  insize=2782 outsize=1474 ok=1
Cmd: compileSnippet
  api=4 type=0 insize=8733 outsize=3801 kw=DIRECTIONAL SHADOWS_OFF LIGHTMAP_OFF DIRLIGHTMAP_OFF DYNAMICLIGHTMAP_OFF pd= ok=1
Cmd: compileSnippet
  api=4 type=1 insize=8733 outsize=3622 kw=DIRECTIONAL SHADOWS_OFF LIGHTMAP_OFF DIRLIGHTMAP_OFF DYNAMICLIGHTMAP_OFF pd= ok=1
Cmd: compileSnippet
  api=4 type=0 insize=5507 outsize=2753 kw=POINT pd= ok=1
Cmd: compileSnippet
  api=4 type=1 insize=5507 outsize=3468 kw=POINT pd= ok=1
Cmd: compileSnippet
  api=4 type=0 insize=5350 outsize=3435 kw= pd= ok=1
Cmd: compileSnippet
  api=4 type=1 insize=5350 outsize=3923 kw= pd= ok=1
Cmd: preprocess
  insize=2107 outsize=491 ok=1
Cmd: compileSnippet
  api=4 type=0 insize=1917 outsize=1713 kw= pd= ok=1
Cmd: compileSnippet
  api=4 type=1 insize=1917 outsize=1932 kw= pd= ok=1
Cmd: compileSnippet
  api=4 type=0 insize=1705 outsize=1290 kw=SOFTPARTICLES_OFF pd= ok=1
Cmd: compileSnippet
  api=4 type=1 insize=1705 outsize=924 kw=SOFTPARTICLES_OFF pd= ok=1
Cmd: compileSnippet
  api=4 type=0 insize=541 outsize=3533 kw=SHADOWS_DEPTH pd= ok=1
Cmd: compileSnippet
  api=4 type=1 insize=541 outsize=453 kw=SHADOWS_DEPTH pd= ok=1
Cmd: compileSnippet
  api=4 type=0 insize=4253 outsize=2753 kw=DIRECTIONAL pd= ok=1
Cmd: compileSnippet
  api=4 type=1 insize=4253 outsize=1867 kw=DIRECTIONAL pd= ok=1
Cmd: compileSnippet
  api=4 type=0 insize=1642 outsize=1290 kw=SOFTPARTICLES_OFF pd= ok=1
Cmd: compileSnippet
  api=4 type=1 insize=1642 outsize=924 kw=SOFTPARTICLES_OFF pd= ok=1
Cmd: compileSnippet
  api=4 type=0 insize=751 outsize=3533 kw=SHADOWS_DEPTH pd= ok=1
Cmd: compileSnippet
  api=4 type=1 insize=751 outsize=380 kw=SHADOWS_DEPTH pd= ok=1
Cmd: compileSnippet
  api=4 type=0 insize=982 outsize=3979 kw=DIRECTIONAL SHADOWS_OFF LIGHTMAP_OFF DIRLIGHTMAP_OFF DYNAMICLIGHTMAP_OFF pd= ok=1
Cmd: compileSnippet
  api=4 type=1 insize=982 outsize=10618 kw=DIRECTIONAL SHADOWS_OFF LIGHTMAP_OFF DIRLIGHTMAP_OFF DYNAMICLIGHTMAP_OFF pd= ok=1
Cmd: compileSnippet
  api=4 type=0 insize=938 outsize=4101 kw=DIRECTIONAL SHADOWS_OFF pd= ok=1
Cmd: compileSnippet
  api=4 type=1 insize=938 outsize=5515 kw=DIRECTIONAL SHADOWS_OFF pd= ok=1
Cmd: compileSnippet
  api=4 type=0 insize=3636 outsize=2753 kw=DIRECTIONAL pd= ok=1
Cmd: compileSnippet
  api=4 type=1 insize=3636 outsize=949 kw=DIRECTIONAL pd= ok=1
Cmd: compileSnippet
  api=4 type=0 insize=1470 outsize=1274 kw= pd= ok=1
Cmd: compileSnippet
  api=4 type=1 insize=1470 outsize=770 kw= pd= ok=1
Cmd: compileSnippet
  api=4 type=0 insize=1706 outsize=1290 kw=SOFTPARTICLES_OFF pd= ok=1
Cmd: compileSnippet
  api=4 type=1 insize=1706 outsize=868 kw=SOFTPARTICLES_OFF pd= ok=1
Cmd: compileSnippet
  api=4 type=0 insize=1482 outsize=1290 kw=SOFTPARTICLES_OFF pd= ok=1
Cmd: compileSnippet
  api=4 type=1 insize=1482 outsize=827 kw=SOFTPARTICLES_OFF pd= ok=1
Cmd: compileSnippet
  api=4 type=0 insize=959 outsize=1087 kw= pd= ok=1
Cmd: compileSnippet
  api=4 type=1 insize=959 outsize=616 kw= pd= ok=1
